TMS320C6x Assembler PC v7.4.18 Thu Oct 04 07:26:10 2018

Tools Copyright (c) 1996-2015 Texas Instruments Incorporated
C:\Users\INPT\AppData\Local\Temp\0282810                             PAGE    1

       1                    ;******************************************************************************
       2                    ;* TMS320C6x C/C++ Codegen                                         PC v7.4.18 *
       3                    ;* Date/Time created: Thu Oct 04 07:26:10 2018                                *
       4                    ;******************************************************************************
       5                            .compiler_opts --abi=coffabi --c64p_l1d_workaround=default --endian=little --hll_source=on --l
       6                    
       7                    ;******************************************************************************
       8                    ;* GLOBAL FILE PARAMETERS                                                     *
       9                    ;*                                                                            *
      10                    ;*   Architecture      : TMS320C671x                                          *
      11                    ;*   Optimization      : Disabled                                             *
      12                    ;*   Optimizing for    : Compile time, Ease of Development                    *
      13                    ;*                       Based on options: no -o, no -ms                      *
      14                    ;*   Endian            : Little                                               *
      15                    ;*   Interrupt Thrshld : Disabled                                             *
      16                    ;*   Data Access Model : Far                                                  *
      17                    ;*   Pipelining        : Disabled                                             *
      18                    ;*   Memory Aliases    : Presume are aliases (pessimistic)                    *
      19                    ;*   Debug Info        : DWARF Debug                                          *
      20                    ;*                                                                            *
      21                    ;******************************************************************************
      22                    
      23                            .asg    A15, FP
      24                            .asg    B14, DP
      25                            .asg    B15, SP
      26                            .global $bss
      27                    
      28                    
      29                    $C$DW$CU        .dwtag  DW_TAG_compile_unit
      30                            .dwattr $C$DW$CU, DW_AT_name("../main.c")
      31                            .dwattr $C$DW$CU, DW_AT_producer("TMS320C6x C/C++ Codegen PC v7.4.18 Copyright (c) 1996-2015 T
      32                            .dwattr $C$DW$CU, DW_AT_TI_version(0x01)
      33                            .dwattr $C$DW$CU, DW_AT_comp_dir("G:\Workspace_CSEE2018_INE3\TP1_GenSignaux\Debug")
      34                    ;*****************************************************************************
      35                    ;* CINIT RECORDS                                                             *
      36                    ;*****************************************************************************
      37 00000000                   .sect   ".cinit"
      38                            .align  8
      39 00000000 00000004          .field          4,32
      40 00000004 00000000-         .field          _fs+0,32
      41 00000008 00000001          .bits   1,32                    ; _fs @ 0
      42                    
      43 0000000c                   .sect   ".cinit"
      44                            .align  8
      45 00000010 00000080          .field          $C$IR_1,32
      46 00000014 00000004-         .field          _SinTab+0,32
      47 00000018 00000000          .bits   0,16                    ; _SinTab[0] @ 0
      48 00000018 01910000          .bits   401,16                  ; _SinTab[1] @ 16
      49 0000001c 0000031F          .bits   799,16                  ; _SinTab[2] @ 32
      50 0000001c 04A5031F          .bits   1189,16                 ; _SinTab[3] @ 48
      51 00000020 0000061F          .bits   1567,16                 ; _SinTab[4] @ 64
      52 00000020 078B061F          .bits   1931,16                 ; _SinTab[5] @ 80
      53 00000024 000008E4          .bits   2276,16                 ; _SinTab[6] @ 96
      54 00000024 0A2608E4          .bits   2598,16                 ; _SinTab[7] @ 112
      55 00000028 00000B50          .bits   2896,16                 ; _SinTab[8] @ 128
TMS320C6x Assembler PC v7.4.18 Thu Oct 04 07:26:10 2018

Tools Copyright (c) 1996-2015 Texas Instruments Incorporated
C:\Users\INPT\AppData\Local\Temp\0282810                             PAGE    2

      56 00000028 0C5E0B50          .bits   3166,16                 ; _SinTab[9] @ 144
      57 0000002c 00000D4E          .bits   3406,16                 ; _SinTab[10] @ 160
      58 0000002c 0E1C0D4E          .bits   3612,16                 ; _SinTab[11] @ 176
      59 00000030 00000EC8          .bits   3784,16                 ; _SinTab[12] @ 192
      60 00000030 0F500EC8          .bits   3920,16                 ; _SinTab[13] @ 208
      61 00000034 00000FB1          .bits   4017,16                 ; _SinTab[14] @ 224
      62 00000034 0FEC0FB1          .bits   4076,16                 ; _SinTab[15] @ 240
      63 00000038 00001000          .bits   4096,16                 ; _SinTab[16] @ 256
      64 00000038 0FEC1000          .bits   4076,16                 ; _SinTab[17] @ 272
      65 0000003c 00000FB1          .bits   4017,16                 ; _SinTab[18] @ 288
      66 0000003c 0F500FB1          .bits   3920,16                 ; _SinTab[19] @ 304
      67 00000040 00000EC8          .bits   3784,16                 ; _SinTab[20] @ 320
      68 00000040 0E1C0EC8          .bits   3612,16                 ; _SinTab[21] @ 336
      69 00000044 00000D4E          .bits   3406,16                 ; _SinTab[22] @ 352
      70 00000044 0C5E0D4E          .bits   3166,16                 ; _SinTab[23] @ 368
      71 00000048 00000B50          .bits   2896,16                 ; _SinTab[24] @ 384
      72 00000048 0A260B50          .bits   2598,16                 ; _SinTab[25] @ 400
      73 0000004c 000008E4          .bits   2276,16                 ; _SinTab[26] @ 416
      74 0000004c 078B08E4          .bits   1931,16                 ; _SinTab[27] @ 432
      75 00000050 0000061F          .bits   1567,16                 ; _SinTab[28] @ 448
      76 00000050 04A5061F          .bits   1189,16                 ; _SinTab[29] @ 464
      77 00000054 0000031F          .bits   799,16                  ; _SinTab[30] @ 480
      78 00000054 0191031F          .bits   401,16                  ; _SinTab[31] @ 496
      79 00000058 00000000          .bits   0,16                    ; _SinTab[32] @ 512
      80 00000058 FE6F0000          .bits   65135,16                        ; _SinTab[33] @ 528
      81 0000005c 0000FCE1          .bits   64737,16                        ; _SinTab[34] @ 544
      82 0000005c FB5BFCE1          .bits   64347,16                        ; _SinTab[35] @ 560
      83 00000060 0000F9E1          .bits   63969,16                        ; _SinTab[36] @ 576
      84 00000060 F875F9E1          .bits   63605,16                        ; _SinTab[37] @ 592
      85 00000064 0000F71C          .bits   63260,16                        ; _SinTab[38] @ 608
      86 00000064 F5DAF71C          .bits   62938,16                        ; _SinTab[39] @ 624
      87 00000068 0000F4B0          .bits   62640,16                        ; _SinTab[40] @ 640
      88 00000068 F3A2F4B0          .bits   62370,16                        ; _SinTab[41] @ 656
      89 0000006c 0000F2B2          .bits   62130,16                        ; _SinTab[42] @ 672
      90 0000006c F1E4F2B2          .bits   61924,16                        ; _SinTab[43] @ 688
      91 00000070 0000F138          .bits   61752,16                        ; _SinTab[44] @ 704
      92 00000070 F0B0F138          .bits   61616,16                        ; _SinTab[45] @ 720
      93 00000074 0000F04F          .bits   61519,16                        ; _SinTab[46] @ 736
      94 00000074 F014F04F          .bits   61460,16                        ; _SinTab[47] @ 752
      95 00000078 0000F000          .bits   61440,16                        ; _SinTab[48] @ 768
      96 00000078 F014F000          .bits   61460,16                        ; _SinTab[49] @ 784
      97 0000007c 0000F04F          .bits   61519,16                        ; _SinTab[50] @ 800
      98 0000007c F0B0F04F          .bits   61616,16                        ; _SinTab[51] @ 816
      99 00000080 0000F138          .bits   61752,16                        ; _SinTab[52] @ 832
     100 00000080 F1E4F138          .bits   61924,16                        ; _SinTab[53] @ 848
     101 00000084 0000F2B2          .bits   62130,16                        ; _SinTab[54] @ 864
     102 00000084 F3A2F2B2          .bits   62370,16                        ; _SinTab[55] @ 880
     103 00000088 0000F4B0          .bits   62640,16                        ; _SinTab[56] @ 896
     104 00000088 F5DAF4B0          .bits   62938,16                        ; _SinTab[57] @ 912
     105 0000008c 0000F71C          .bits   63260,16                        ; _SinTab[58] @ 928
     106 0000008c F875F71C          .bits   63605,16                        ; _SinTab[59] @ 944
     107 00000090 0000F9E1          .bits   63969,16                        ; _SinTab[60] @ 960
     108 00000090 FB5BF9E1          .bits   64347,16                        ; _SinTab[61] @ 976
     109 00000094 0000FCE1          .bits   64737,16                        ; _SinTab[62] @ 992
     110 00000094 FE6FFCE1          .bits   65135,16                        ; _SinTab[63] @ 1008
TMS320C6x Assembler PC v7.4.18 Thu Oct 04 07:26:10 2018

Tools Copyright (c) 1996-2015 Texas Instruments Incorporated
C:\Users\INPT\AppData\Local\Temp\0282810                             PAGE    3

     111          00000080  $C$IR_1:        .set    128
     112                    
     113 00000098                   .sect   ".cinit"
     114                            .align  8
     115 00000098 00000002          .field          2,32
     116 0000009c 00000108-         .field          _i+0,32
     117 000000a0 00000000          .bits   0,16                    ; _i @ 0
     118                    
     119 000000a2                   .sect   ".cinit"
     120                            .align  8
     121 000000a8 00000002          .field          2,32
     122 000000ac 0000010C-         .field          _GAIN+0,32
     123 000000b0 00000001          .bits   1,16                    ; _GAIN @ 0
     124                    
     125 000000b2                   .sect   ".cinit"
     126                            .align  8
     127 000000b8 00000002          .field          2,32
     128 000000bc 0000010E-         .field          _STEP+0,32
     129 000000c0 00000001          .bits   1,16                    ; _STEP @ 0
     130                    
     131                    
     132                    $C$DW$1 .dwtag  DW_TAG_subprogram, DW_AT_name("output_sample")
     133                            .dwattr $C$DW$1, DW_AT_TI_symbol_name("_output_sample")
     134                            .dwattr $C$DW$1, DW_AT_declaration
     135                            .dwattr $C$DW$1, DW_AT_external
     136                    $C$DW$2 .dwtag  DW_TAG_formal_parameter
     137                            .dwattr $C$DW$2, DW_AT_type(*$C$DW$T$10)
     138                            .dwendtag $C$DW$1
     139                    
     140                    
     141                    $C$DW$3 .dwtag  DW_TAG_subprogram, DW_AT_name("comm_intr")
     142                            .dwattr $C$DW$3, DW_AT_TI_symbol_name("_comm_intr")
     143                            .dwattr $C$DW$3, DW_AT_declaration
     144                            .dwattr $C$DW$3, DW_AT_external
     145                            .global _fs
     146 00000000           _fs:    .usect  ".far",4,4
     147                    $C$DW$4 .dwtag  DW_TAG_variable, DW_AT_name("fs")
     148                            .dwattr $C$DW$4, DW_AT_TI_symbol_name("_fs")
     149                            .dwattr $C$DW$4, DW_AT_location[DW_OP_addr _fs]
     150                            .dwattr $C$DW$4, DW_AT_type(*$C$DW$T$27)
     151                            .dwattr $C$DW$4, DW_AT_external
     152                            .global _SinTab
     153 00000004           _SinTab:        .usect  ".far",128,4
     154                    $C$DW$5 .dwtag  DW_TAG_variable, DW_AT_name("SinTab")
     155                            .dwattr $C$DW$5, DW_AT_TI_symbol_name("_SinTab")
     156                            .dwattr $C$DW$5, DW_AT_location[DW_OP_addr _SinTab]
     157                            .dwattr $C$DW$5, DW_AT_type(*$C$DW$T$23)
     158                            .dwattr $C$DW$5, DW_AT_external
     159                            .global _Xn
     160 00000084           _Xn:    .usect  ".far",2,2
     161                    $C$DW$6 .dwtag  DW_TAG_variable, DW_AT_name("Xn")
     162                            .dwattr $C$DW$6, DW_AT_TI_symbol_name("_Xn")
     163                            .dwattr $C$DW$6, DW_AT_location[DW_OP_addr _Xn]
     164                            .dwattr $C$DW$6, DW_AT_type(*$C$DW$T$8)
     165                            .dwattr $C$DW$6, DW_AT_external
TMS320C6x Assembler PC v7.4.18 Thu Oct 04 07:26:10 2018

Tools Copyright (c) 1996-2015 Texas Instruments Incorporated
C:\Users\INPT\AppData\Local\Temp\0282810                             PAGE    4

     166                            .global _XnBuf
     167 00000088           _XnBuf: .usect  ".far",128,4
     168                    $C$DW$7 .dwtag  DW_TAG_variable, DW_AT_name("XnBuf")
     169                            .dwattr $C$DW$7, DW_AT_TI_symbol_name("_XnBuf")
     170                            .dwattr $C$DW$7, DW_AT_location[DW_OP_addr _XnBuf]
     171                            .dwattr $C$DW$7, DW_AT_type(*$C$DW$T$23)
     172                            .dwattr $C$DW$7, DW_AT_external
     173                            .global _i
     174 00000108           _i:     .usect  ".far",2,2
     175                    $C$DW$8 .dwtag  DW_TAG_variable, DW_AT_name("i")
     176                            .dwattr $C$DW$8, DW_AT_TI_symbol_name("_i")
     177                            .dwattr $C$DW$8, DW_AT_location[DW_OP_addr _i]
     178                            .dwattr $C$DW$8, DW_AT_type(*$C$DW$T$25)
     179                            .dwattr $C$DW$8, DW_AT_external
     180                            .global _j
     181 0000010a           _j:     .usect  ".far",2,2
     182                    $C$DW$9 .dwtag  DW_TAG_variable, DW_AT_name("j")
     183                            .dwattr $C$DW$9, DW_AT_TI_symbol_name("_j")
     184                            .dwattr $C$DW$9, DW_AT_location[DW_OP_addr _j]
     185                            .dwattr $C$DW$9, DW_AT_type(*$C$DW$T$25)
     186                            .dwattr $C$DW$9, DW_AT_external
     187                            .global _GAIN
     188 0000010c           _GAIN:  .usect  ".far",2,2
     189                    $C$DW$10        .dwtag  DW_TAG_variable, DW_AT_name("GAIN")
     190                            .dwattr $C$DW$10, DW_AT_TI_symbol_name("_GAIN")
     191                            .dwattr $C$DW$10, DW_AT_location[DW_OP_addr _GAIN]
     192                            .dwattr $C$DW$10, DW_AT_type(*$C$DW$T$25)
     193                            .dwattr $C$DW$10, DW_AT_external
     194                            .global _STEP
     195 0000010e           _STEP:  .usect  ".far",2,2
     196                    $C$DW$11        .dwtag  DW_TAG_variable, DW_AT_name("STEP")
     197                            .dwattr $C$DW$11, DW_AT_TI_symbol_name("_STEP")
     198                            .dwattr $C$DW$11, DW_AT_location[DW_OP_addr _STEP]
     199                            .dwattr $C$DW$11, DW_AT_type(*$C$DW$T$25)
     200                            .dwattr $C$DW$11, DW_AT_external
     201                    ;       C:\ti\ccsv6\tools\compiler\c6000_7.4.18\bin\acp6x.exe -@C:\\Users\\INPT\\AppData\\Local\\Temp\
     202 00000000                   .sect   ".text:retain"
     203                            .retain
     204                            .retainrefs
     205                            .global _c_int11
     206                    
     207                    $C$DW$12        .dwtag  DW_TAG_subprogram, DW_AT_name("c_int11")
     208                            .dwattr $C$DW$12, DW_AT_low_pc(_c_int11)
     209                            .dwattr $C$DW$12, DW_AT_high_pc(0x00)
     210                            .dwattr $C$DW$12, DW_AT_TI_symbol_name("_c_int11")
     211                            .dwattr $C$DW$12, DW_AT_external
     212                            .dwattr $C$DW$12, DW_AT_TI_begin_file("../main.c")
     213                            .dwattr $C$DW$12, DW_AT_TI_begin_line(0x14)
     214                            .dwattr $C$DW$12, DW_AT_TI_begin_column(0x10)
     215                            .dwattr $C$DW$12, DW_AT_TI_interrupt
     216                            .dwattr $C$DW$12, DW_AT_TI_max_frame_size(0x50)
     217                            .dwpsn  file "../main.c",line 21,column 1,is_stmt,address _c_int11
     218                    
     219                            .dwfde $C$DW$CIE, _c_int11
     220                    
TMS320C6x Assembler PC v7.4.18 Thu Oct 04 07:26:10 2018

Tools Copyright (c) 1996-2015 Texas Instruments Incorporated
C:\Users\INPT\AppData\Local\Temp\0282810                             PAGE    5

     221                    ;******************************************************************************
     222                    ;* FUNCTION NAME: c_int11                                                     *
     223                    ;*                                                                            *
     224                    ;*   Regs Modified     : A0,A1,A2,A3,A4,A5,A6,A7,A8,A9,B0,B1,B2,B3,B4,B5,B6,  *
     225                    ;*                           B7,B8,B9,SP                                      *
     226                    ;*   Regs Used         : A0,A1,A2,A3,A4,A5,A6,A7,A8,A9,B0,B1,B2,B3,B4,B5,B6,  *
     227                    ;*                           B7,B8,B9,DP,SP                                   *
     228                    ;*   Local Frame Size  : 0 Args + 0 Auto + 80 Save = 80 byte                  *
     229                    ;******************************************************************************
     230 00000000           _c_int11:
     231                    ;** --------------------------------------------------------------------------*
     232                            .dwcfi  cfa_offset, 0
     233                            .dwcfi  save_reg_to_reg, 228, 19
     234 00000000 04BE94F6             STW     .D2T2   B9,*SP--(80)      ; |21| 
     235                            .dwcfi  cfa_offset, 80
     236                            .dwcfi  save_reg_to_mem, 25, 0
     237 00000004 043E62F6             STW     .D2T2   B8,*+SP(76)       ; |21| 
     238                            .dwcfi  save_reg_to_mem, 24, -4
     239 00000008 03BE42F6             STW     .D2T2   B7,*+SP(72)       ; |21| 
     240                            .dwcfi  save_reg_to_mem, 23, -8
     241 0000000c 033E22F6             STW     .D2T2   B6,*+SP(68)       ; |21| 
     242                            .dwcfi  save_reg_to_mem, 22, -12
     243 00000010 02BE02F6             STW     .D2T2   B5,*+SP(64)       ; |21| 
     244                            .dwcfi  save_reg_to_mem, 21, -16
     245 00000014 023DE2F6             STW     .D2T2   B4,*+SP(60)       ; |21| 
     246                            .dwcfi  save_reg_to_mem, 20, -20
     247 00000018 01BDC2F6             STW     .D2T2   B3,*+SP(56)       ; |21| 
     248                            .dwcfi  save_reg_to_mem, 19, -24
     249 0000001c 013DA2F6             STW     .D2T2   B2,*+SP(52)       ; |21| 
     250                            .dwcfi  save_reg_to_mem, 18, -28
     251 00000020 00BD82F6             STW     .D2T2   B1,*+SP(48)       ; |21| 
     252                            .dwcfi  save_reg_to_mem, 17, -32
     253 00000024 003D62F6             STW     .D2T2   B0,*+SP(44)       ; |21| 
     254                            .dwcfi  save_reg_to_mem, 16, -36
     255 00000028 04BD42F4             STW     .D2T1   A9,*+SP(40)       ; |21| 
     256                            .dwcfi  save_reg_to_mem, 9, -40
     257 0000002c 043D22F4             STW     .D2T1   A8,*+SP(36)       ; |21| 
     258                            .dwcfi  save_reg_to_mem, 8, -44
     259 00000030 03BD02F4             STW     .D2T1   A7,*+SP(32)       ; |21| 
     260                            .dwcfi  save_reg_to_mem, 7, -48
     261 00000034 033CE2F4             STW     .D2T1   A6,*+SP(28)       ; |21| 
     262                            .dwcfi  save_reg_to_mem, 6, -52
     263 00000038 02BCC2F4             STW     .D2T1   A5,*+SP(24)       ; |21| 
     264                            .dwcfi  save_reg_to_mem, 5, -56
     265 0000003c 023CA2F4             STW     .D2T1   A4,*+SP(20)       ; |21| 
     266                            .dwcfi  save_reg_to_mem, 4, -60
     267 00000040 01BC82F4             STW     .D2T1   A3,*+SP(16)       ; |21| 
     268                            .dwcfi  save_reg_to_mem, 3, -64
     269 00000044 013C62F4             STW     .D2T1   A2,*+SP(12)       ; |21| 
     270                            .dwcfi  save_reg_to_mem, 2, -68
     271 00000048 00BC42F4             STW     .D2T1   A1,*+SP(8)        ; |21| 
     272                            .dwcfi  save_reg_to_mem, 1, -72
     273 0000004c 003C22F4             STW     .D2T1   A0,*+SP(4)        ; |21| 
     274                            .dwcfi  save_reg_to_mem, 0, -76
     275                            .dwpsn  file "../main.c",line 22,column 2,is_stmt
TMS320C6x Assembler PC v7.4.18 Thu Oct 04 07:26:10 2018

Tools Copyright (c) 1996-2015 Texas Instruments Incorporated
C:\Users\INPT\AppData\Local\Temp\0282810                             PAGE    6

     276                    
     277 00000050 0200872B-            MVKL    .S2     _STEP,B4
     278 00000054 01808428- ||         MVKL    .S1     _i,A3
     279                    
     280 00000058 0200006B-            MVKH    .S2     _STEP,B4
     281 0000005c 01800068- ||         MVKH    .S1     _i,A3
     282                    
     283 00000060 018C0205             LDHU    .D1T1   *A3,A3            ; |22| 
     284 00000064 02100286  ||         LDHU    .D2T2   *B4,B4            ; |22| 
     285                    
     286 00000068 02808528-            MVKL    .S1     _j,A5
     287 0000006c 02800068-            MVKH    .S1     _j,A5
     288 00000070 00002000             NOP             2
     289 00000074 01907F80             MPYU    .M1X    B4,A3,A3          ; |22| 
     290 00000078 02001FAA             MVK     .S2     63,B4             ; |22| 
     291 0000007c 020CADA0             SHR     .S1     A3,5,A4           ; |22| 
     292 00000080 021349A0             SHRU    .S1     A4,26,A4          ; |22| 
     293                    
     294 00000084 020C8079             ADD     .L1     A4,A3,A4          ; |22| 
     295 00000088 0213EDDA  ||         NOT     .L2     B4,B4             ; |22| 
     296                    
     297 0000008c 02109F78             AND     .L1X    B4,A4,A4          ; |22| 
     298 00000090 019060F8             SUB     .L1     A3,A4,A3          ; |22| 
     299 00000094 01940254             STH     .D1T1   A3,*A5            ; |22| 
     300                            .dwpsn  file "../main.c",line 23,column 2,is_stmt
     301 00000098 01940058             MV      .L1     A5,A3
     302 0000009c 018C0204             LDHU    .D1T1   *A3,A3            ; |23| 
     303 000000a0 02000228-            MVKL    .S1     _SinTab,A4
     304 000000a4 0200862A-            MVKL    .S2     _GAIN,B4
     305 000000a8 0200006A-            MVKH    .S2     _GAIN,B4
     306 000000ac 02000068-            MVKH    .S1     _SinTab,A4
     307                    
     308 000000b0 01906A45             LDH     .D1T1   *+A4[A3],A3       ; |23| 
     309 000000b4 02100286  ||         LDHU    .D2T2   *B4,B4            ; |23| 
     310                    
     311 000000b8 0280422A-            MVKL    .S2     _Xn,B5
     312 000000bc 0280006A-            MVKH    .S2     _Xn,B5
     313 000000c0 00002000             NOP             2
     314 000000c4 020C9E82             MPYUS   .M2X    B4,A3,B4          ; |23| 
     315 000000c8 00000000             NOP             1
     316 000000cc 021402D6             STH     .D2T2   B4,*B5            ; |23| 
     317                            .dwpsn  file "../main.c",line 24,column 2,is_stmt
     318 000000d0 0200842A-            MVKL    .S2     _i,B4
     319 000000d4 0200006A-            MVKH    .S2     _i,B4
     320                    
     321 000000d8 01941059             MV      .L1X    B5,A3             ; |24| 
     322 000000dc 02900286  ||         LDHU    .D2T2   *B4,B5            ; |24| 
     323                    
     324 000000e0 020C0246             LDH     .D1T2   *A3,B4            ; |24| 
     325 000000e4 0300442A-            MVKL    .S2     _XnBuf,B6
     326 000000e8 0300006A-            MVKH    .S2     _XnBuf,B6
     327 000000ec 00002000             NOP             2
     328 000000f0 0218AAD6             STH     .D2T2   B4,*+B6[B5]       ; |24| 
     329                            .dwpsn  file "../main.c",line 25,column 2,is_stmt
     330 000000f4 0200842A-            MVKL    .S2     _i,B4
TMS320C6x Assembler PC v7.4.18 Thu Oct 04 07:26:10 2018

Tools Copyright (c) 1996-2015 Texas Instruments Incorporated
C:\Users\INPT\AppData\Local\Temp\0282810                             PAGE    7

     331 000000f8 0200006A-            MVKH    .S2     _i,B4
     332 000000fc 02100286             LDHU    .D2T2   *B4,B4            ; |25| 
     333 00000100 01801FA8             MVK     .S1     63,A3             ; |25| 
     334 00000104 018FEDD8             NOT     .L1     A3,A3             ; |25| 
     335 00000108 0300842A-            MVKL    .S2     _i,B6
     336 0000010c 0300006A-            MVKH    .S2     _i,B6
     337 00000110 0210205A             ADD     .L2     1,B4,B4           ; |25| 
     338 00000114 0290ADA2             SHR     .S2     B4,5,B5           ; |25| 
     339 00000118 029749A2             SHRU    .S2     B5,26,B5          ; |25| 
     340 0000011c 0290A07A             ADD     .L2     B5,B4,B5          ; |25| 
     341 00000120 028CBF7A             AND     .L2X    A3,B5,B5          ; |25| 
     342 00000124 021480FA             SUB     .L2     B4,B5,B4          ; |25| 
     343 00000128 021802D6             STH     .D2T2   B4,*B6            ; |25| 
     344                            .dwpsn  file "../main.c",line 27,column 2,is_stmt
     345 0000012c 01804228-            MVKL    .S1     _Xn,A3
     346                    $C$DW$13        .dwtag  DW_TAG_TI_branch
     347                            .dwattr $C$DW$13, DW_AT_low_pc(0x04)
     348                            .dwattr $C$DW$13, DW_AT_name("_output_sample")
     349                            .dwattr $C$DW$13, DW_AT_TI_call
     350                    
     351 00000130 01800069-            MVKH    .S1     _Xn,A3
     352 00000134 0FFFDC12! ||         CALL    .S2     _output_sample    ; |27| 
     353                    
     354 00000138 020C0244             LDH     .D1T1   *A3,A4            ; |27| 
     355 0000013c 0180A42A+            MVKL    .S2     $C$RL0,B3         ; |27| 
     356 00000140 0180006A+            MVKH    .S2     $C$RL0,B3         ; |27| 
     357 00000144 00002000             NOP             2
     358 00000148           $C$RL0:    ; CALL OCCURS {_output_sample} {0}  ; |27| 
     359                            .dwpsn  file "../main.c",line 28,column 2,is_stmt
     360                            .dwpsn  file "../main.c",line 29,column 1,is_stmt
     361 00000148 043E62E6             LDW     .D2T2   *+SP(76),B8       ; |29| 
     362 0000014c 00006000             NOP             4
     363                            .dwcfi  restore_reg, 24
     364 00000150 03BE42E6             LDW     .D2T2   *+SP(72),B7       ; |29| 
     365 00000154 00006000             NOP             4
     366                            .dwcfi  restore_reg, 23
     367 00000158 033E22E6             LDW     .D2T2   *+SP(68),B6       ; |29| 
     368 0000015c 00006000             NOP             4
     369                            .dwcfi  restore_reg, 22
     370 00000160 02BE02E6             LDW     .D2T2   *+SP(64),B5       ; |29| 
     371 00000164 00006000             NOP             4
     372                            .dwcfi  restore_reg, 21
     373 00000168 023DE2E6             LDW     .D2T2   *+SP(60),B4       ; |29| 
     374 0000016c 00006000             NOP             4
     375                            .dwcfi  restore_reg, 20
     376 00000170 01BDC2E6             LDW     .D2T2   *+SP(56),B3       ; |29| 
     377 00000174 00006000             NOP             4
     378                            .dwcfi  restore_reg, 19
     379 00000178 013DA2E6             LDW     .D2T2   *+SP(52),B2       ; |29| 
     380 0000017c 00006000             NOP             4
     381                            .dwcfi  restore_reg, 18
     382 00000180 00BD82E6             LDW     .D2T2   *+SP(48),B1       ; |29| 
     383 00000184 00006000             NOP             4
     384                            .dwcfi  restore_reg, 17
     385 00000188 003D62E6             LDW     .D2T2   *+SP(44),B0       ; |29| 
TMS320C6x Assembler PC v7.4.18 Thu Oct 04 07:26:10 2018

Tools Copyright (c) 1996-2015 Texas Instruments Incorporated
C:\Users\INPT\AppData\Local\Temp\0282810                             PAGE    8

     386 0000018c 00006000             NOP             4
     387                            .dwcfi  restore_reg, 16
     388 00000190 04BD42E4             LDW     .D2T1   *+SP(40),A9       ; |29| 
     389 00000194 00006000             NOP             4
     390                            .dwcfi  restore_reg, 9
     391 00000198 043D22E4             LDW     .D2T1   *+SP(36),A8       ; |29| 
     392 0000019c 00006000             NOP             4
     393                            .dwcfi  restore_reg, 8
     394 000001a0 03BD02E4             LDW     .D2T1   *+SP(32),A7       ; |29| 
     395 000001a4 00006000             NOP             4
     396                            .dwcfi  restore_reg, 7
     397 000001a8 033CE2E4             LDW     .D2T1   *+SP(28),A6       ; |29| 
     398 000001ac 00006000             NOP             4
     399                            .dwcfi  restore_reg, 6
     400 000001b0 02BCC2E4             LDW     .D2T1   *+SP(24),A5       ; |29| 
     401 000001b4 00006000             NOP             4
     402                            .dwcfi  restore_reg, 5
     403 000001b8 023CA2E4             LDW     .D2T1   *+SP(20),A4       ; |29| 
     404 000001bc 00006000             NOP             4
     405                            .dwcfi  restore_reg, 4
     406 000001c0 01BC82E4             LDW     .D2T1   *+SP(16),A3       ; |29| 
     407 000001c4 00006000             NOP             4
     408                            .dwcfi  restore_reg, 3
     409 000001c8 013C62E4             LDW     .D2T1   *+SP(12),A2       ; |29| 
     410 000001cc 00006000             NOP             4
     411                            .dwcfi  restore_reg, 2
     412 000001d0 00BC42E4             LDW     .D2T1   *+SP(8),A1        ; |29| 
     413 000001d4 00006000             NOP             4
     414                            .dwcfi  restore_reg, 1
     415 000001d8 003C22E4             LDW     .D2T1   *+SP(4),A0        ; |29| 
     416 000001dc 00006000             NOP             4
     417                            .dwcfi  restore_reg, 0
     418 000001e0 04BE92E6             LDW     .D2T2   *++SP(80),B9      ; |29| 
     419 000001e4 00006000             NOP             4
     420                            .dwcfi  cfa_offset, 0
     421                            .dwcfi  restore_reg, 25
     422                            .dwcfi  cfa_offset, 0
     423                    $C$DW$14        .dwtag  DW_TAG_TI_branch
     424                            .dwattr $C$DW$14, DW_AT_low_pc(0x00)
     425                            .dwattr $C$DW$14, DW_AT_TI_return
     426 000001e8 001800E2             RET     .S2     IRP               ; |29| 
     427 000001ec 00008000             NOP             5
     428                               ; BRANCH OCCURS {IRP}             ; |29| 
     429                            .dwattr $C$DW$12, DW_AT_TI_end_file("../main.c")
     430                            .dwattr $C$DW$12, DW_AT_TI_end_line(0x1d)
     431                            .dwattr $C$DW$12, DW_AT_TI_end_column(0x01)
     432                            .dwendentry
     433                            .dwendtag $C$DW$12
     434                    
     435 00000000                   .sect   ".text"
     436                            .clink
     437                            .global _main
     438                    
     439                    $C$DW$15        .dwtag  DW_TAG_subprogram, DW_AT_name("main")
     440                            .dwattr $C$DW$15, DW_AT_low_pc(_main)
TMS320C6x Assembler PC v7.4.18 Thu Oct 04 07:26:10 2018

Tools Copyright (c) 1996-2015 Texas Instruments Incorporated
C:\Users\INPT\AppData\Local\Temp\0282810                             PAGE    9

     441                            .dwattr $C$DW$15, DW_AT_high_pc(0x00)
     442                            .dwattr $C$DW$15, DW_AT_TI_symbol_name("_main")
     443                            .dwattr $C$DW$15, DW_AT_external
     444                            .dwattr $C$DW$15, DW_AT_type(*$C$DW$T$10)
     445                            .dwattr $C$DW$15, DW_AT_TI_begin_file("../main.c")
     446                            .dwattr $C$DW$15, DW_AT_TI_begin_line(0x1f)
     447                            .dwattr $C$DW$15, DW_AT_TI_begin_column(0x01)
     448                            .dwattr $C$DW$15, DW_AT_TI_max_frame_size(0x08)
     449                            .dwpsn  file "../main.c",line 32,column 1,is_stmt,address _main
     450                    
     451                            .dwfde $C$DW$CIE, _main
     452                    
     453                    ;******************************************************************************
     454                    ;* FUNCTION NAME: main                                                        *
     455                    ;*                                                                            *
     456                    ;*   Regs Modified     : A0,A1,A2,A3,A4,A5,A6,A7,A8,A9,B0,B1,B2,B3,B4,B5,B6,  *
     457                    ;*                           B7,B8,B9,SP                                      *
     458                    ;*   Regs Used         : A0,A1,A2,A3,A4,A5,A6,A7,A8,A9,B0,B1,B2,B3,B4,B5,B6,  *
     459                    ;*                           B7,B8,B9,DP,SP                                   *
     460                    ;*   Local Frame Size  : 0 Args + 0 Auto + 4 Save = 4 byte                    *
     461                    ;******************************************************************************
     462 00000000           _main:
     463                    ;** --------------------------------------------------------------------------*
     464                            .dwcfi  cfa_offset, 0
     465                            .dwcfi  save_reg_to_reg, 228, 19
     466 00000000 01BC54F6             STW     .D2T2   B3,*SP--(8)       ; |32| 
     467                            .dwcfi  cfa_offset, 8
     468                            .dwcfi  save_reg_to_mem, 19, 0
     469                            .dwpsn  file "../main.c",line 34,column 2,is_stmt
     470                    $C$DW$16        .dwtag  DW_TAG_TI_branch
     471                            .dwattr $C$DW$16, DW_AT_low_pc(0x00)
     472                            .dwattr $C$DW$16, DW_AT_name("_comm_intr")
     473                            .dwattr $C$DW$16, DW_AT_TI_call
     474 00000004 00000010!            CALL    .S1     _comm_intr        ; |34| 
     475 00000008 01800A2A'            MVKL    .S2     $C$RL1,B3         ; |34| 
     476 0000000c 0180006A'            MVKH    .S2     $C$RL1,B3         ; |34| 
     477 00000010 00004000             NOP             3
     478 00000014           $C$RL1:    ; CALL OCCURS {_comm_intr} {0}    ; |34| 
     479                            .dwpsn  file "../main.c",line 35,column 2,is_stmt
     480 00000014 02008428-            MVKL    .S1     _i,A4
     481                    
     482 00000018 02000069-            MVKH    .S1     _i,A4
     483 0000001c 018000F8  ||         ZERO    .L1     A3                ; |35| 
     484                    
     485 00000020 01900254             STH     .D1T1   A3,*A4            ; |35| 
     486                            .dwpsn  file "../main.c",line 36,column 8,is_stmt
     487                    ;*----------------------------------------------------------------------------*
     488                    ;*   SOFTWARE PIPELINE INFORMATION
     489                    ;*      Disqualified loop: Software pipelining disabled
     490                    ;*      Disqualified loop: Bad loop structure
     491                    ;*----------------------------------------------------------------------------*
     492 00000024           $C$L1:    
     493 00000024           $C$DW$L$_main$2$B:
     494 00000024 00000090             B       .S1     $C$L1             ; |36| 
     495 00000028 00008000             NOP             5
TMS320C6x Assembler PC v7.4.18 Thu Oct 04 07:26:10 2018

Tools Copyright (c) 1996-2015 Texas Instruments Incorporated
C:\Users\INPT\AppData\Local\Temp\0282810                             PAGE   10

     496                               ; BRANCH OCCURS {$C$L1}           ; |36| 
     497 0000002c           $C$DW$L$_main$2$E:
     498                    ;** --------------------------------------------------------------------------*
     499                            .dwcfi  cfa_offset, 0
     500                            .dwcfi  restore_reg, 19
     501                            .dwcfi  cfa_offset, 0
     502                    
     503                    $C$DW$17        .dwtag  DW_TAG_TI_loop
     504                            .dwattr $C$DW$17, DW_AT_name("C:\\Users\\INPT\\AppData\\Local\\Temp\\0282810:$C$L1:1:153863077
     505                            .dwattr $C$DW$17, DW_AT_TI_begin_file("../main.c")
     506                            .dwattr $C$DW$17, DW_AT_TI_begin_line(0x24)
     507                            .dwattr $C$DW$17, DW_AT_TI_end_line(0x24)
     508                    $C$DW$18        .dwtag  DW_TAG_TI_loop_range
     509                            .dwattr $C$DW$18, DW_AT_low_pc($C$DW$L$_main$2$B)
     510                            .dwattr $C$DW$18, DW_AT_high_pc($C$DW$L$_main$2$E)
     511                            .dwendtag $C$DW$17
     512                    
     513                            .dwattr $C$DW$15, DW_AT_TI_end_file("../main.c")
     514                            .dwattr $C$DW$15, DW_AT_TI_end_line(0x25)
     515                            .dwattr $C$DW$15, DW_AT_TI_end_column(0x01)
     516                            .dwendentry
     517                            .dwendtag $C$DW$15
     518                    
     519                    ;*****************************************************************************
     520                    ;* UNDEFINED EXTERNAL REFERENCES                                             *
     521                    ;*****************************************************************************
     522                            .global _output_sample
     523                            .global _comm_intr
     524                    
     525                    ;******************************************************************************
     526                    ;* BUILD ATTRIBUTES                                                           *
     527                    ;******************************************************************************
     528                            .battr "TI", Tag_File, 1, Tag_ABI_stack_align_needed(0)
     529                            .battr "TI", Tag_File, 1, Tag_ABI_stack_align_preserved(0)
     530                            .battr "TI", Tag_File, 1, Tag_Tramps_Use_SOC(0)
     531                    
     532                    ;******************************************************************************
     533                    ;* TYPE INFORMATION                                                           *
     534                    ;******************************************************************************
     535                    $C$DW$T$4       .dwtag  DW_TAG_base_type
     536                            .dwattr $C$DW$T$4, DW_AT_encoding(DW_ATE_boolean)
     537                            .dwattr $C$DW$T$4, DW_AT_name("bool")
     538                            .dwattr $C$DW$T$4, DW_AT_byte_size(0x01)
     539                    $C$DW$T$5       .dwtag  DW_TAG_base_type
     540                            .dwattr $C$DW$T$5, DW_AT_encoding(DW_ATE_signed_char)
     541                            .dwattr $C$DW$T$5, DW_AT_name("signed char")
     542                            .dwattr $C$DW$T$5, DW_AT_byte_size(0x01)
     543                    $C$DW$T$6       .dwtag  DW_TAG_base_type
     544                            .dwattr $C$DW$T$6, DW_AT_encoding(DW_ATE_unsigned_char)
     545                            .dwattr $C$DW$T$6, DW_AT_name("unsigned char")
     546                            .dwattr $C$DW$T$6, DW_AT_byte_size(0x01)
     547                    $C$DW$T$7       .dwtag  DW_TAG_base_type
     548                            .dwattr $C$DW$T$7, DW_AT_encoding(DW_ATE_signed_char)
     549                            .dwattr $C$DW$T$7, DW_AT_name("wchar_t")
     550                            .dwattr $C$DW$T$7, DW_AT_byte_size(0x02)
TMS320C6x Assembler PC v7.4.18 Thu Oct 04 07:26:10 2018

Tools Copyright (c) 1996-2015 Texas Instruments Incorporated
C:\Users\INPT\AppData\Local\Temp\0282810                             PAGE   11

     551                    $C$DW$T$8       .dwtag  DW_TAG_base_type
     552                            .dwattr $C$DW$T$8, DW_AT_encoding(DW_ATE_signed)
     553                            .dwattr $C$DW$T$8, DW_AT_name("short")
     554                            .dwattr $C$DW$T$8, DW_AT_byte_size(0x02)
     555                    
     556                    $C$DW$T$23      .dwtag  DW_TAG_array_type
     557                            .dwattr $C$DW$T$23, DW_AT_type(*$C$DW$T$8)
     558                            .dwattr $C$DW$T$23, DW_AT_language(DW_LANG_C)
     559                            .dwattr $C$DW$T$23, DW_AT_byte_size(0x80)
     560                    $C$DW$19        .dwtag  DW_TAG_subrange_type
     561                            .dwattr $C$DW$19, DW_AT_upper_bound(0x3f)
     562                            .dwendtag $C$DW$T$23
     563                    
     564                    $C$DW$T$9       .dwtag  DW_TAG_base_type
     565                            .dwattr $C$DW$T$9, DW_AT_encoding(DW_ATE_unsigned)
     566                            .dwattr $C$DW$T$9, DW_AT_name("unsigned short")
     567                            .dwattr $C$DW$T$9, DW_AT_byte_size(0x02)
     568                    $C$DW$T$25      .dwtag  DW_TAG_typedef, DW_AT_name("Uint16")
     569                            .dwattr $C$DW$T$25, DW_AT_type(*$C$DW$T$9)
     570                            .dwattr $C$DW$T$25, DW_AT_language(DW_LANG_C)
     571                    $C$DW$T$10      .dwtag  DW_TAG_base_type
     572                            .dwattr $C$DW$T$10, DW_AT_encoding(DW_ATE_signed)
     573                            .dwattr $C$DW$T$10, DW_AT_name("int")
     574                            .dwattr $C$DW$T$10, DW_AT_byte_size(0x04)
     575                    $C$DW$T$11      .dwtag  DW_TAG_base_type
     576                            .dwattr $C$DW$T$11, DW_AT_encoding(DW_ATE_unsigned)
     577                            .dwattr $C$DW$T$11, DW_AT_name("unsigned int")
     578                            .dwattr $C$DW$T$11, DW_AT_byte_size(0x04)
     579                    $C$DW$T$27      .dwtag  DW_TAG_typedef, DW_AT_name("Uint32")
     580                            .dwattr $C$DW$T$27, DW_AT_type(*$C$DW$T$11)
     581                            .dwattr $C$DW$T$27, DW_AT_language(DW_LANG_C)
     582                    $C$DW$T$12      .dwtag  DW_TAG_base_type
     583                            .dwattr $C$DW$T$12, DW_AT_encoding(DW_ATE_signed)
     584                            .dwattr $C$DW$T$12, DW_AT_name("long")
     585                            .dwattr $C$DW$T$12, DW_AT_byte_size(0x08)
     586                            .dwattr $C$DW$T$12, DW_AT_bit_size(0x28)
     587                            .dwattr $C$DW$T$12, DW_AT_bit_offset(0x18)
     588                    $C$DW$T$13      .dwtag  DW_TAG_base_type
     589                            .dwattr $C$DW$T$13, DW_AT_encoding(DW_ATE_unsigned)
     590                            .dwattr $C$DW$T$13, DW_AT_name("unsigned long")
     591                            .dwattr $C$DW$T$13, DW_AT_byte_size(0x08)
     592                            .dwattr $C$DW$T$13, DW_AT_bit_size(0x28)
     593                            .dwattr $C$DW$T$13, DW_AT_bit_offset(0x18)
     594                    $C$DW$T$14      .dwtag  DW_TAG_base_type
     595                            .dwattr $C$DW$T$14, DW_AT_encoding(DW_ATE_signed)
     596                            .dwattr $C$DW$T$14, DW_AT_name("long long")
     597                            .dwattr $C$DW$T$14, DW_AT_byte_size(0x08)
     598                    $C$DW$T$15      .dwtag  DW_TAG_base_type
     599                            .dwattr $C$DW$T$15, DW_AT_encoding(DW_ATE_unsigned)
     600                            .dwattr $C$DW$T$15, DW_AT_name("unsigned long long")
     601                            .dwattr $C$DW$T$15, DW_AT_byte_size(0x08)
     602                    $C$DW$T$16      .dwtag  DW_TAG_base_type
     603                            .dwattr $C$DW$T$16, DW_AT_encoding(DW_ATE_float)
     604                            .dwattr $C$DW$T$16, DW_AT_name("float")
     605                            .dwattr $C$DW$T$16, DW_AT_byte_size(0x04)
TMS320C6x Assembler PC v7.4.18 Thu Oct 04 07:26:10 2018

Tools Copyright (c) 1996-2015 Texas Instruments Incorporated
C:\Users\INPT\AppData\Local\Temp\0282810                             PAGE   12

     606                    $C$DW$T$17      .dwtag  DW_TAG_base_type
     607                            .dwattr $C$DW$T$17, DW_AT_encoding(DW_ATE_float)
     608                            .dwattr $C$DW$T$17, DW_AT_name("double")
     609                            .dwattr $C$DW$T$17, DW_AT_byte_size(0x08)
     610                    $C$DW$T$18      .dwtag  DW_TAG_base_type
     611                            .dwattr $C$DW$T$18, DW_AT_encoding(DW_ATE_float)
     612                            .dwattr $C$DW$T$18, DW_AT_name("long double")
     613                            .dwattr $C$DW$T$18, DW_AT_byte_size(0x08)
     614                            .dwattr $C$DW$CU, DW_AT_language(DW_LANG_C)
     615                    
     616                    ;***************************************************************
     617                    ;* DWARF CIE ENTRIES                                           *
     618                    ;***************************************************************
     619                    
     620                    $C$DW$CIE       .dwcie 228
     621                            .dwcfi  cfa_register, 31
     622                            .dwcfi  cfa_offset, 0
     623                            .dwcfi  undefined, 0
     624                            .dwcfi  undefined, 1
     625                            .dwcfi  undefined, 2
     626                            .dwcfi  undefined, 3
     627                            .dwcfi  undefined, 4
     628                            .dwcfi  undefined, 5
     629                            .dwcfi  undefined, 6
     630                            .dwcfi  undefined, 7
     631                            .dwcfi  undefined, 8
     632                            .dwcfi  undefined, 9
     633                            .dwcfi  same_value, 10
     634                            .dwcfi  same_value, 11
     635                            .dwcfi  same_value, 12
     636                            .dwcfi  same_value, 13
     637                            .dwcfi  same_value, 14
     638                            .dwcfi  same_value, 15
     639                            .dwcfi  undefined, 16
     640                            .dwcfi  undefined, 17
     641                            .dwcfi  undefined, 18
     642                            .dwcfi  undefined, 19
     643                            .dwcfi  undefined, 20
     644                            .dwcfi  undefined, 21
     645                            .dwcfi  undefined, 22
     646                            .dwcfi  undefined, 23
     647                            .dwcfi  undefined, 24
     648                            .dwcfi  undefined, 25
     649                            .dwcfi  same_value, 26
     650                            .dwcfi  same_value, 27
     651                            .dwcfi  same_value, 28
     652                            .dwcfi  same_value, 29
     653                            .dwcfi  same_value, 30
     654                            .dwcfi  same_value, 31
     655                            .dwcfi  same_value, 32
     656                            .dwcfi  undefined, 33
     657                            .dwcfi  undefined, 34
     658                            .dwcfi  undefined, 35
     659                            .dwcfi  undefined, 36
     660                            .dwcfi  undefined, 37
TMS320C6x Assembler PC v7.4.18 Thu Oct 04 07:26:10 2018

Tools Copyright (c) 1996-2015 Texas Instruments Incorporated
C:\Users\INPT\AppData\Local\Temp\0282810                             PAGE   13

     661                            .dwcfi  undefined, 38
     662                            .dwcfi  undefined, 39
     663                            .dwcfi  undefined, 40
     664                            .dwcfi  undefined, 41
     665                            .dwcfi  undefined, 42
     666                            .dwcfi  undefined, 43
     667                            .dwcfi  undefined, 44
     668                            .dwcfi  undefined, 45
     669                            .dwcfi  undefined, 46
     670                            .dwcfi  undefined, 47
     671                            .dwcfi  undefined, 48
     672                            .dwcfi  undefined, 49
     673                            .dwcfi  undefined, 50
     674                            .dwcfi  undefined, 51
     675                            .dwcfi  undefined, 52
     676                            .dwcfi  undefined, 53
     677                            .dwcfi  undefined, 54
     678                            .dwcfi  undefined, 55
     679                            .dwcfi  undefined, 56
     680                            .dwcfi  undefined, 57
     681                            .dwcfi  undefined, 58
     682                            .dwcfi  undefined, 59
     683                            .dwcfi  undefined, 60
     684                            .dwcfi  undefined, 61
     685                            .dwcfi  undefined, 62
     686                            .dwcfi  undefined, 63
     687                            .dwcfi  undefined, 64
     688                            .dwcfi  undefined, 65
     689                            .dwcfi  undefined, 66
     690                            .dwcfi  undefined, 67
     691                            .dwcfi  undefined, 68
     692                            .dwcfi  undefined, 69
     693                            .dwcfi  undefined, 70
     694                            .dwcfi  undefined, 71
     695                            .dwcfi  undefined, 72
     696                            .dwcfi  undefined, 73
     697                            .dwcfi  undefined, 74
     698                            .dwcfi  undefined, 75
     699                            .dwcfi  undefined, 76
     700                            .dwcfi  undefined, 77
     701                            .dwcfi  undefined, 78
     702                            .dwcfi  undefined, 79
     703                            .dwcfi  undefined, 80
     704                            .dwcfi  undefined, 81
     705                            .dwcfi  undefined, 82
     706                            .dwcfi  undefined, 83
     707                            .dwcfi  undefined, 84
     708                            .dwcfi  undefined, 85
     709                            .dwcfi  undefined, 86
     710                            .dwcfi  undefined, 87
     711                            .dwcfi  undefined, 88
     712                            .dwcfi  undefined, 89
     713                            .dwcfi  undefined, 90
     714                            .dwcfi  undefined, 91
     715                            .dwcfi  undefined, 92
TMS320C6x Assembler PC v7.4.18 Thu Oct 04 07:26:10 2018

Tools Copyright (c) 1996-2015 Texas Instruments Incorporated
C:\Users\INPT\AppData\Local\Temp\0282810                             PAGE   14

     716                            .dwcfi  undefined, 93
     717                            .dwcfi  undefined, 94
     718                            .dwcfi  undefined, 95
     719                            .dwcfi  undefined, 96
     720                            .dwcfi  undefined, 97
     721                            .dwcfi  undefined, 98
     722                            .dwcfi  undefined, 99
     723                            .dwcfi  undefined, 100
     724                            .dwcfi  undefined, 101
     725                            .dwcfi  undefined, 102
     726                            .dwcfi  undefined, 103
     727                            .dwcfi  undefined, 104
     728                            .dwcfi  undefined, 105
     729                            .dwcfi  undefined, 106
     730                            .dwcfi  undefined, 107
     731                            .dwcfi  undefined, 108
     732                            .dwcfi  undefined, 109
     733                            .dwcfi  undefined, 110
     734                            .dwcfi  undefined, 111
     735                            .dwcfi  undefined, 112
     736                            .dwcfi  undefined, 113
     737                            .dwcfi  undefined, 114
     738                            .dwcfi  undefined, 115
     739                            .dwcfi  undefined, 116
     740                            .dwcfi  undefined, 117
     741                            .dwcfi  undefined, 118
     742                            .dwcfi  undefined, 119
     743                            .dwcfi  undefined, 120
     744                            .dwcfi  undefined, 121
     745                            .dwcfi  undefined, 122
     746                            .dwcfi  undefined, 123
     747                            .dwcfi  undefined, 124
     748                            .dwcfi  undefined, 125
     749                            .dwcfi  undefined, 126
     750                            .dwcfi  undefined, 127
     751                            .dwcfi  undefined, 128
     752                            .dwcfi  undefined, 129
     753                            .dwcfi  undefined, 130
     754                            .dwcfi  undefined, 131
     755                            .dwcfi  undefined, 132
     756                            .dwcfi  undefined, 133
     757                            .dwcfi  undefined, 134
     758                            .dwcfi  undefined, 135
     759                            .dwcfi  undefined, 136
     760                            .dwcfi  undefined, 137
     761                            .dwcfi  undefined, 138
     762                            .dwcfi  undefined, 139
     763                            .dwcfi  undefined, 140
     764                            .dwcfi  undefined, 141
     765                            .dwcfi  undefined, 142
     766                            .dwcfi  undefined, 143
     767                            .dwcfi  undefined, 144
     768                            .dwcfi  undefined, 145
     769                            .dwcfi  undefined, 146
     770                            .dwcfi  undefined, 147
TMS320C6x Assembler PC v7.4.18 Thu Oct 04 07:26:10 2018

Tools Copyright (c) 1996-2015 Texas Instruments Incorporated
C:\Users\INPT\AppData\Local\Temp\0282810                             PAGE   15

     771                            .dwcfi  undefined, 148
     772                            .dwcfi  undefined, 149
     773                            .dwcfi  undefined, 150
     774                            .dwcfi  undefined, 151
     775                            .dwcfi  undefined, 152
     776                            .dwcfi  undefined, 153
     777                            .dwcfi  undefined, 154
     778                            .dwcfi  undefined, 155
     779                            .dwcfi  undefined, 156
     780                            .dwcfi  undefined, 157
     781                            .dwcfi  undefined, 158
     782                            .dwcfi  undefined, 159
     783                            .dwcfi  undefined, 160
     784                            .dwcfi  undefined, 161
     785                            .dwcfi  undefined, 162
     786                            .dwcfi  undefined, 163
     787                            .dwcfi  undefined, 164
     788                            .dwcfi  undefined, 165
     789                            .dwcfi  undefined, 166
     790                            .dwcfi  undefined, 167
     791                            .dwcfi  undefined, 168
     792                            .dwcfi  undefined, 169
     793                            .dwcfi  undefined, 170
     794                            .dwcfi  undefined, 171
     795                            .dwcfi  undefined, 172
     796                            .dwcfi  undefined, 173
     797                            .dwcfi  undefined, 174
     798                            .dwcfi  undefined, 175
     799                            .dwcfi  undefined, 176
     800                            .dwcfi  undefined, 177
     801                            .dwcfi  undefined, 178
     802                            .dwcfi  undefined, 179
     803                            .dwcfi  undefined, 180
     804                            .dwcfi  undefined, 181
     805                            .dwcfi  undefined, 182
     806                            .dwcfi  undefined, 183
     807                            .dwcfi  undefined, 184
     808                            .dwcfi  undefined, 185
     809                            .dwcfi  undefined, 186
     810                            .dwcfi  undefined, 187
     811                            .dwcfi  undefined, 188
     812                            .dwcfi  undefined, 189
     813                            .dwcfi  undefined, 190
     814                            .dwcfi  undefined, 191
     815                            .dwcfi  undefined, 192
     816                            .dwcfi  undefined, 193
     817                            .dwcfi  undefined, 194
     818                            .dwcfi  undefined, 195
     819                            .dwcfi  undefined, 196
     820                            .dwcfi  undefined, 197
     821                            .dwcfi  undefined, 198
     822                            .dwcfi  undefined, 199
     823                            .dwcfi  undefined, 200
     824                            .dwcfi  undefined, 201
     825                            .dwcfi  undefined, 202
TMS320C6x Assembler PC v7.4.18 Thu Oct 04 07:26:10 2018

Tools Copyright (c) 1996-2015 Texas Instruments Incorporated
C:\Users\INPT\AppData\Local\Temp\0282810                             PAGE   16

     826                            .dwcfi  undefined, 203
     827                            .dwcfi  undefined, 204
     828                            .dwcfi  undefined, 205
     829                            .dwcfi  undefined, 206
     830                            .dwcfi  undefined, 207
     831                            .dwcfi  undefined, 208
     832                            .dwcfi  undefined, 209
     833                            .dwcfi  undefined, 210
     834                            .dwcfi  undefined, 211
     835                            .dwcfi  undefined, 212
     836                            .dwcfi  undefined, 213
     837                            .dwcfi  undefined, 214
     838                            .dwcfi  undefined, 215
     839                            .dwcfi  undefined, 216
     840                            .dwcfi  undefined, 217
     841                            .dwcfi  undefined, 218
     842                            .dwcfi  undefined, 219
     843                            .dwcfi  undefined, 220
     844                            .dwcfi  undefined, 221
     845                            .dwcfi  undefined, 222
     846                            .dwcfi  undefined, 223
     847                            .dwcfi  undefined, 224
     848                            .dwcfi  undefined, 225
     849                            .dwcfi  undefined, 226
     850                            .dwcfi  undefined, 227
     851                            .dwcfi  undefined, 228
     852                            .dwendentry
     853                    
     854                    ;***************************************************************
     855                    ;* DWARF REGISTER MAP                                          *
     856                    ;***************************************************************
     857                    
     858                    $C$DW$20        .dwtag  DW_TAG_TI_assign_register, DW_AT_name("A0")
     859                            .dwattr $C$DW$20, DW_AT_location[DW_OP_reg0]
     860                    $C$DW$21        .dwtag  DW_TAG_TI_assign_register, DW_AT_name("A1")
     861                            .dwattr $C$DW$21, DW_AT_location[DW_OP_reg1]
     862                    $C$DW$22        .dwtag  DW_TAG_TI_assign_register, DW_AT_name("A2")
     863                            .dwattr $C$DW$22, DW_AT_location[DW_OP_reg2]
     864                    $C$DW$23        .dwtag  DW_TAG_TI_assign_register, DW_AT_name("A3")
     865                            .dwattr $C$DW$23, DW_AT_location[DW_OP_reg3]
     866                    $C$DW$24        .dwtag  DW_TAG_TI_assign_register, DW_AT_name("A4")
     867                            .dwattr $C$DW$24, DW_AT_location[DW_OP_reg4]
     868                    $C$DW$25        .dwtag  DW_TAG_TI_assign_register, DW_AT_name("A5")
     869                            .dwattr $C$DW$25, DW_AT_location[DW_OP_reg5]
     870                    $C$DW$26        .dwtag  DW_TAG_TI_assign_register, DW_AT_name("A6")
     871                            .dwattr $C$DW$26, DW_AT_location[DW_OP_reg6]
     872                    $C$DW$27        .dwtag  DW_TAG_TI_assign_register, DW_AT_name("A7")
     873                            .dwattr $C$DW$27, DW_AT_location[DW_OP_reg7]
     874                    $C$DW$28        .dwtag  DW_TAG_TI_assign_register, DW_AT_name("A8")
     875                            .dwattr $C$DW$28, DW_AT_location[DW_OP_reg8]
     876                    $C$DW$29        .dwtag  DW_TAG_TI_assign_register, DW_AT_name("A9")
     877                            .dwattr $C$DW$29, DW_AT_location[DW_OP_reg9]
     878                    $C$DW$30        .dwtag  DW_TAG_TI_assign_register, DW_AT_name("A10")
     879                            .dwattr $C$DW$30, DW_AT_location[DW_OP_reg10]
     880                    $C$DW$31        .dwtag  DW_TAG_TI_assign_register, DW_AT_name("A11")
TMS320C6x Assembler PC v7.4.18 Thu Oct 04 07:26:10 2018

Tools Copyright (c) 1996-2015 Texas Instruments Incorporated
C:\Users\INPT\AppData\Local\Temp\0282810                             PAGE   17

     881                            .dwattr $C$DW$31, DW_AT_location[DW_OP_reg11]
     882                    $C$DW$32        .dwtag  DW_TAG_TI_assign_register, DW_AT_name("A12")
     883                            .dwattr $C$DW$32, DW_AT_location[DW_OP_reg12]
     884                    $C$DW$33        .dwtag  DW_TAG_TI_assign_register, DW_AT_name("A13")
     885                            .dwattr $C$DW$33, DW_AT_location[DW_OP_reg13]
     886                    $C$DW$34        .dwtag  DW_TAG_TI_assign_register, DW_AT_name("A14")
     887                            .dwattr $C$DW$34, DW_AT_location[DW_OP_reg14]
     888                    $C$DW$35        .dwtag  DW_TAG_TI_assign_register, DW_AT_name("A15")
     889                            .dwattr $C$DW$35, DW_AT_location[DW_OP_reg15]
     890                    $C$DW$36        .dwtag  DW_TAG_TI_assign_register, DW_AT_name("B0")
     891                            .dwattr $C$DW$36, DW_AT_location[DW_OP_reg16]
     892                    $C$DW$37        .dwtag  DW_TAG_TI_assign_register, DW_AT_name("B1")
     893                            .dwattr $C$DW$37, DW_AT_location[DW_OP_reg17]
     894                    $C$DW$38        .dwtag  DW_TAG_TI_assign_register, DW_AT_name("B2")
     895                            .dwattr $C$DW$38, DW_AT_location[DW_OP_reg18]
     896                    $C$DW$39        .dwtag  DW_TAG_TI_assign_register, DW_AT_name("B3")
     897                            .dwattr $C$DW$39, DW_AT_location[DW_OP_reg19]
     898                    $C$DW$40        .dwtag  DW_TAG_TI_assign_register, DW_AT_name("B4")
     899                            .dwattr $C$DW$40, DW_AT_location[DW_OP_reg20]
     900                    $C$DW$41        .dwtag  DW_TAG_TI_assign_register, DW_AT_name("B5")
     901                            .dwattr $C$DW$41, DW_AT_location[DW_OP_reg21]
     902                    $C$DW$42        .dwtag  DW_TAG_TI_assign_register, DW_AT_name("B6")
     903                            .dwattr $C$DW$42, DW_AT_location[DW_OP_reg22]
     904                    $C$DW$43        .dwtag  DW_TAG_TI_assign_register, DW_AT_name("B7")
     905                            .dwattr $C$DW$43, DW_AT_location[DW_OP_reg23]
     906                    $C$DW$44        .dwtag  DW_TAG_TI_assign_register, DW_AT_name("B8")
     907                            .dwattr $C$DW$44, DW_AT_location[DW_OP_reg24]
     908                    $C$DW$45        .dwtag  DW_TAG_TI_assign_register, DW_AT_name("B9")
     909                            .dwattr $C$DW$45, DW_AT_location[DW_OP_reg25]
     910                    $C$DW$46        .dwtag  DW_TAG_TI_assign_register, DW_AT_name("B10")
     911                            .dwattr $C$DW$46, DW_AT_location[DW_OP_reg26]
     912                    $C$DW$47        .dwtag  DW_TAG_TI_assign_register, DW_AT_name("B11")
     913                            .dwattr $C$DW$47, DW_AT_location[DW_OP_reg27]
     914                    $C$DW$48        .dwtag  DW_TAG_TI_assign_register, DW_AT_name("B12")
     915                            .dwattr $C$DW$48, DW_AT_location[DW_OP_reg28]
     916                    $C$DW$49        .dwtag  DW_TAG_TI_assign_register, DW_AT_name("B13")
     917                            .dwattr $C$DW$49, DW_AT_location[DW_OP_reg29]
     918                    $C$DW$50        .dwtag  DW_TAG_TI_assign_register, DW_AT_name("DP")
     919                            .dwattr $C$DW$50, DW_AT_location[DW_OP_reg30]
     920                    $C$DW$51        .dwtag  DW_TAG_TI_assign_register, DW_AT_name("SP")
     921                            .dwattr $C$DW$51, DW_AT_location[DW_OP_reg31]
     922                    $C$DW$52        .dwtag  DW_TAG_TI_assign_register, DW_AT_name("FP")
     923                            .dwattr $C$DW$52, DW_AT_location[DW_OP_regx 0x20]
     924                    $C$DW$53        .dwtag  DW_TAG_TI_assign_register, DW_AT_name("PC")
     925                            .dwattr $C$DW$53, DW_AT_location[DW_OP_regx 0x21]
     926                    $C$DW$54        .dwtag  DW_TAG_TI_assign_register, DW_AT_name("IRP")
     927                            .dwattr $C$DW$54, DW_AT_location[DW_OP_regx 0x22]
     928                    $C$DW$55        .dwtag  DW_TAG_TI_assign_register, DW_AT_name("IFR")
     929                            .dwattr $C$DW$55, DW_AT_location[DW_OP_regx 0x23]
     930                    $C$DW$56        .dwtag  DW_TAG_TI_assign_register, DW_AT_name("NRP")
     931                            .dwattr $C$DW$56, DW_AT_location[DW_OP_regx 0x24]
     932                    $C$DW$57        .dwtag  DW_TAG_TI_assign_register, DW_AT_name("A16")
     933                            .dwattr $C$DW$57, DW_AT_location[DW_OP_regx 0x25]
     934                    $C$DW$58        .dwtag  DW_TAG_TI_assign_register, DW_AT_name("A17")
     935                            .dwattr $C$DW$58, DW_AT_location[DW_OP_regx 0x26]
TMS320C6x Assembler PC v7.4.18 Thu Oct 04 07:26:10 2018

Tools Copyright (c) 1996-2015 Texas Instruments Incorporated
C:\Users\INPT\AppData\Local\Temp\0282810                             PAGE   18

     936                    $C$DW$59        .dwtag  DW_TAG_TI_assign_register, DW_AT_name("A18")
     937                            .dwattr $C$DW$59, DW_AT_location[DW_OP_regx 0x27]
     938                    $C$DW$60        .dwtag  DW_TAG_TI_assign_register, DW_AT_name("A19")
     939                            .dwattr $C$DW$60, DW_AT_location[DW_OP_regx 0x28]
     940                    $C$DW$61        .dwtag  DW_TAG_TI_assign_register, DW_AT_name("A20")
     941                            .dwattr $C$DW$61, DW_AT_location[DW_OP_regx 0x29]
     942                    $C$DW$62        .dwtag  DW_TAG_TI_assign_register, DW_AT_name("A21")
     943                            .dwattr $C$DW$62, DW_AT_location[DW_OP_regx 0x2a]
     944                    $C$DW$63        .dwtag  DW_TAG_TI_assign_register, DW_AT_name("A22")
     945                            .dwattr $C$DW$63, DW_AT_location[DW_OP_regx 0x2b]
     946                    $C$DW$64        .dwtag  DW_TAG_TI_assign_register, DW_AT_name("A23")
     947                            .dwattr $C$DW$64, DW_AT_location[DW_OP_regx 0x2c]
     948                    $C$DW$65        .dwtag  DW_TAG_TI_assign_register, DW_AT_name("A24")
     949                            .dwattr $C$DW$65, DW_AT_location[DW_OP_regx 0x2d]
     950                    $C$DW$66        .dwtag  DW_TAG_TI_assign_register, DW_AT_name("A25")
     951                            .dwattr $C$DW$66, DW_AT_location[DW_OP_regx 0x2e]
     952                    $C$DW$67        .dwtag  DW_TAG_TI_assign_register, DW_AT_name("A26")
     953                            .dwattr $C$DW$67, DW_AT_location[DW_OP_regx 0x2f]
     954                    $C$DW$68        .dwtag  DW_TAG_TI_assign_register, DW_AT_name("A27")
     955                            .dwattr $C$DW$68, DW_AT_location[DW_OP_regx 0x30]
     956                    $C$DW$69        .dwtag  DW_TAG_TI_assign_register, DW_AT_name("A28")
     957                            .dwattr $C$DW$69, DW_AT_location[DW_OP_regx 0x31]
     958                    $C$DW$70        .dwtag  DW_TAG_TI_assign_register, DW_AT_name("A29")
     959                            .dwattr $C$DW$70, DW_AT_location[DW_OP_regx 0x32]
     960                    $C$DW$71        .dwtag  DW_TAG_TI_assign_register, DW_AT_name("A30")
     961                            .dwattr $C$DW$71, DW_AT_location[DW_OP_regx 0x33]
     962                    $C$DW$72        .dwtag  DW_TAG_TI_assign_register, DW_AT_name("A31")
     963                            .dwattr $C$DW$72, DW_AT_location[DW_OP_regx 0x34]
     964                    $C$DW$73        .dwtag  DW_TAG_TI_assign_register, DW_AT_name("B16")
     965                            .dwattr $C$DW$73, DW_AT_location[DW_OP_regx 0x35]
     966                    $C$DW$74        .dwtag  DW_TAG_TI_assign_register, DW_AT_name("B17")
     967                            .dwattr $C$DW$74, DW_AT_location[DW_OP_regx 0x36]
     968                    $C$DW$75        .dwtag  DW_TAG_TI_assign_register, DW_AT_name("B18")
     969                            .dwattr $C$DW$75, DW_AT_location[DW_OP_regx 0x37]
     970                    $C$DW$76        .dwtag  DW_TAG_TI_assign_register, DW_AT_name("B19")
     971                            .dwattr $C$DW$76, DW_AT_location[DW_OP_regx 0x38]
     972                    $C$DW$77        .dwtag  DW_TAG_TI_assign_register, DW_AT_name("B20")
     973                            .dwattr $C$DW$77, DW_AT_location[DW_OP_regx 0x39]
     974                    $C$DW$78        .dwtag  DW_TAG_TI_assign_register, DW_AT_name("B21")
     975                            .dwattr $C$DW$78, DW_AT_location[DW_OP_regx 0x3a]
     976                    $C$DW$79        .dwtag  DW_TAG_TI_assign_register, DW_AT_name("B22")
     977                            .dwattr $C$DW$79, DW_AT_location[DW_OP_regx 0x3b]
     978                    $C$DW$80        .dwtag  DW_TAG_TI_assign_register, DW_AT_name("B23")
     979                            .dwattr $C$DW$80, DW_AT_location[DW_OP_regx 0x3c]
     980                    $C$DW$81        .dwtag  DW_TAG_TI_assign_register, DW_AT_name("B24")
     981                            .dwattr $C$DW$81, DW_AT_location[DW_OP_regx 0x3d]
     982                    $C$DW$82        .dwtag  DW_TAG_TI_assign_register, DW_AT_name("B25")
     983                            .dwattr $C$DW$82, DW_AT_location[DW_OP_regx 0x3e]
     984                    $C$DW$83        .dwtag  DW_TAG_TI_assign_register, DW_AT_name("B26")
     985                            .dwattr $C$DW$83, DW_AT_location[DW_OP_regx 0x3f]
     986                    $C$DW$84        .dwtag  DW_TAG_TI_assign_register, DW_AT_name("B27")
     987                            .dwattr $C$DW$84, DW_AT_location[DW_OP_regx 0x40]
     988                    $C$DW$85        .dwtag  DW_TAG_TI_assign_register, DW_AT_name("B28")
     989                            .dwattr $C$DW$85, DW_AT_location[DW_OP_regx 0x41]
     990                    $C$DW$86        .dwtag  DW_TAG_TI_assign_register, DW_AT_name("B29")
TMS320C6x Assembler PC v7.4.18 Thu Oct 04 07:26:10 2018

Tools Copyright (c) 1996-2015 Texas Instruments Incorporated
C:\Users\INPT\AppData\Local\Temp\0282810                             PAGE   19

     991                            .dwattr $C$DW$86, DW_AT_location[DW_OP_regx 0x42]
     992                    $C$DW$87        .dwtag  DW_TAG_TI_assign_register, DW_AT_name("B30")
     993                            .dwattr $C$DW$87, DW_AT_location[DW_OP_regx 0x43]
     994                    $C$DW$88        .dwtag  DW_TAG_TI_assign_register, DW_AT_name("B31")
     995                            .dwattr $C$DW$88, DW_AT_location[DW_OP_regx 0x44]
     996                    $C$DW$89        .dwtag  DW_TAG_TI_assign_register, DW_AT_name("AMR")
     997                            .dwattr $C$DW$89, DW_AT_location[DW_OP_regx 0x45]
     998                    $C$DW$90        .dwtag  DW_TAG_TI_assign_register, DW_AT_name("CSR")
     999                            .dwattr $C$DW$90, DW_AT_location[DW_OP_regx 0x46]
    1000                    $C$DW$91        .dwtag  DW_TAG_TI_assign_register, DW_AT_name("ISR")
    1001                            .dwattr $C$DW$91, DW_AT_location[DW_OP_regx 0x47]
    1002                    $C$DW$92        .dwtag  DW_TAG_TI_assign_register, DW_AT_name("ICR")
    1003                            .dwattr $C$DW$92, DW_AT_location[DW_OP_regx 0x48]
    1004                    $C$DW$93        .dwtag  DW_TAG_TI_assign_register, DW_AT_name("IER")
    1005                            .dwattr $C$DW$93, DW_AT_location[DW_OP_regx 0x49]
    1006                    $C$DW$94        .dwtag  DW_TAG_TI_assign_register, DW_AT_name("ISTP")
    1007                            .dwattr $C$DW$94, DW_AT_location[DW_OP_regx 0x4a]
    1008                    $C$DW$95        .dwtag  DW_TAG_TI_assign_register, DW_AT_name("IN")
    1009                            .dwattr $C$DW$95, DW_AT_location[DW_OP_regx 0x4b]
    1010                    $C$DW$96        .dwtag  DW_TAG_TI_assign_register, DW_AT_name("OUT")
    1011                            .dwattr $C$DW$96, DW_AT_location[DW_OP_regx 0x4c]
    1012                    $C$DW$97        .dwtag  DW_TAG_TI_assign_register, DW_AT_name("ACR")
    1013                            .dwattr $C$DW$97, DW_AT_location[DW_OP_regx 0x4d]
    1014                    $C$DW$98        .dwtag  DW_TAG_TI_assign_register, DW_AT_name("ADR")
    1015                            .dwattr $C$DW$98, DW_AT_location[DW_OP_regx 0x4e]
    1016                    $C$DW$99        .dwtag  DW_TAG_TI_assign_register, DW_AT_name("FADCR")
    1017                            .dwattr $C$DW$99, DW_AT_location[DW_OP_regx 0x4f]
    1018                    $C$DW$100       .dwtag  DW_TAG_TI_assign_register, DW_AT_name("FAUCR")
    1019                            .dwattr $C$DW$100, DW_AT_location[DW_OP_regx 0x50]
    1020                    $C$DW$101       .dwtag  DW_TAG_TI_assign_register, DW_AT_name("FMCR")
    1021                            .dwattr $C$DW$101, DW_AT_location[DW_OP_regx 0x51]
    1022                    $C$DW$102       .dwtag  DW_TAG_TI_assign_register, DW_AT_name("GFPGFR")
    1023                            .dwattr $C$DW$102, DW_AT_location[DW_OP_regx 0x52]
    1024                    $C$DW$103       .dwtag  DW_TAG_TI_assign_register, DW_AT_name("DIER")
    1025                            .dwattr $C$DW$103, DW_AT_location[DW_OP_regx 0x53]
    1026                    $C$DW$104       .dwtag  DW_TAG_TI_assign_register, DW_AT_name("REP")
    1027                            .dwattr $C$DW$104, DW_AT_location[DW_OP_regx 0x54]
    1028                    $C$DW$105       .dwtag  DW_TAG_TI_assign_register, DW_AT_name("TSCL")
    1029                            .dwattr $C$DW$105, DW_AT_location[DW_OP_regx 0x55]
    1030                    $C$DW$106       .dwtag  DW_TAG_TI_assign_register, DW_AT_name("TSCH")
    1031                            .dwattr $C$DW$106, DW_AT_location[DW_OP_regx 0x56]
    1032                    $C$DW$107       .dwtag  DW_TAG_TI_assign_register, DW_AT_name("ARP")
    1033                            .dwattr $C$DW$107, DW_AT_location[DW_OP_regx 0x57]
    1034                    $C$DW$108       .dwtag  DW_TAG_TI_assign_register, DW_AT_name("ILC")
    1035                            .dwattr $C$DW$108, DW_AT_location[DW_OP_regx 0x58]
    1036                    $C$DW$109       .dwtag  DW_TAG_TI_assign_register, DW_AT_name("RILC")
    1037                            .dwattr $C$DW$109, DW_AT_location[DW_OP_regx 0x59]
    1038                    $C$DW$110       .dwtag  DW_TAG_TI_assign_register, DW_AT_name("DNUM")
    1039                            .dwattr $C$DW$110, DW_AT_location[DW_OP_regx 0x5a]
    1040                    $C$DW$111       .dwtag  DW_TAG_TI_assign_register, DW_AT_name("SSR")
    1041                            .dwattr $C$DW$111, DW_AT_location[DW_OP_regx 0x5b]
    1042                    $C$DW$112       .dwtag  DW_TAG_TI_assign_register, DW_AT_name("GPLYA")
    1043                            .dwattr $C$DW$112, DW_AT_location[DW_OP_regx 0x5c]
    1044                    $C$DW$113       .dwtag  DW_TAG_TI_assign_register, DW_AT_name("GPLYB")
    1045                            .dwattr $C$DW$113, DW_AT_location[DW_OP_regx 0x5d]
TMS320C6x Assembler PC v7.4.18 Thu Oct 04 07:26:10 2018

Tools Copyright (c) 1996-2015 Texas Instruments Incorporated
C:\Users\INPT\AppData\Local\Temp\0282810                             PAGE   20

    1046                    $C$DW$114       .dwtag  DW_TAG_TI_assign_register, DW_AT_name("TSR")
    1047                            .dwattr $C$DW$114, DW_AT_location[DW_OP_regx 0x5e]
    1048                    $C$DW$115       .dwtag  DW_TAG_TI_assign_register, DW_AT_name("ITSR")
    1049                            .dwattr $C$DW$115, DW_AT_location[DW_OP_regx 0x5f]
    1050                    $C$DW$116       .dwtag  DW_TAG_TI_assign_register, DW_AT_name("NTSR")
    1051                            .dwattr $C$DW$116, DW_AT_location[DW_OP_regx 0x60]
    1052                    $C$DW$117       .dwtag  DW_TAG_TI_assign_register, DW_AT_name("EFR")
    1053                            .dwattr $C$DW$117, DW_AT_location[DW_OP_regx 0x61]
    1054                    $C$DW$118       .dwtag  DW_TAG_TI_assign_register, DW_AT_name("ECR")
    1055                            .dwattr $C$DW$118, DW_AT_location[DW_OP_regx 0x62]
    1056                    $C$DW$119       .dwtag  DW_TAG_TI_assign_register, DW_AT_name("IERR")
    1057                            .dwattr $C$DW$119, DW_AT_location[DW_OP_regx 0x63]
    1058                    $C$DW$120       .dwtag  DW_TAG_TI_assign_register, DW_AT_name("DMSG")
    1059                            .dwattr $C$DW$120, DW_AT_location[DW_OP_regx 0x64]
    1060                    $C$DW$121       .dwtag  DW_TAG_TI_assign_register, DW_AT_name("CMSG")
    1061                            .dwattr $C$DW$121, DW_AT_location[DW_OP_regx 0x65]
    1062                    $C$DW$122       .dwtag  DW_TAG_TI_assign_register, DW_AT_name("DT_DMA_ADDR")
    1063                            .dwattr $C$DW$122, DW_AT_location[DW_OP_regx 0x66]
    1064                    $C$DW$123       .dwtag  DW_TAG_TI_assign_register, DW_AT_name("DT_DMA_DATA")
    1065                            .dwattr $C$DW$123, DW_AT_location[DW_OP_regx 0x67]
    1066                    $C$DW$124       .dwtag  DW_TAG_TI_assign_register, DW_AT_name("DT_DMA_CNTL")
    1067                            .dwattr $C$DW$124, DW_AT_location[DW_OP_regx 0x68]
    1068                    $C$DW$125       .dwtag  DW_TAG_TI_assign_register, DW_AT_name("TCU_CNTL")
    1069                            .dwattr $C$DW$125, DW_AT_location[DW_OP_regx 0x69]
    1070                    $C$DW$126       .dwtag  DW_TAG_TI_assign_register, DW_AT_name("RTDX_REC_CNTL")
    1071                            .dwattr $C$DW$126, DW_AT_location[DW_OP_regx 0x6a]
    1072                    $C$DW$127       .dwtag  DW_TAG_TI_assign_register, DW_AT_name("RTDX_XMT_CNTL")
    1073                            .dwattr $C$DW$127, DW_AT_location[DW_OP_regx 0x6b]
    1074                    $C$DW$128       .dwtag  DW_TAG_TI_assign_register, DW_AT_name("RTDX_CFG")
    1075                            .dwattr $C$DW$128, DW_AT_location[DW_OP_regx 0x6c]
    1076                    $C$DW$129       .dwtag  DW_TAG_TI_assign_register, DW_AT_name("RTDX_RDATA")
    1077                            .dwattr $C$DW$129, DW_AT_location[DW_OP_regx 0x6d]
    1078                    $C$DW$130       .dwtag  DW_TAG_TI_assign_register, DW_AT_name("RTDX_WDATA")
    1079                            .dwattr $C$DW$130, DW_AT_location[DW_OP_regx 0x6e]
    1080                    $C$DW$131       .dwtag  DW_TAG_TI_assign_register, DW_AT_name("RTDX_RADDR")
    1081                            .dwattr $C$DW$131, DW_AT_location[DW_OP_regx 0x6f]
    1082                    $C$DW$132       .dwtag  DW_TAG_TI_assign_register, DW_AT_name("RTDX_WADDR")
    1083                            .dwattr $C$DW$132, DW_AT_location[DW_OP_regx 0x70]
    1084                    $C$DW$133       .dwtag  DW_TAG_TI_assign_register, DW_AT_name("MFREG0")
    1085                            .dwattr $C$DW$133, DW_AT_location[DW_OP_regx 0x71]
    1086                    $C$DW$134       .dwtag  DW_TAG_TI_assign_register, DW_AT_name("DBG_STAT")
    1087                            .dwattr $C$DW$134, DW_AT_location[DW_OP_regx 0x72]
    1088                    $C$DW$135       .dwtag  DW_TAG_TI_assign_register, DW_AT_name("BRK_EN")
    1089                            .dwattr $C$DW$135, DW_AT_location[DW_OP_regx 0x73]
    1090                    $C$DW$136       .dwtag  DW_TAG_TI_assign_register, DW_AT_name("HWBP0_CNT")
    1091                            .dwattr $C$DW$136, DW_AT_location[DW_OP_regx 0x74]
    1092                    $C$DW$137       .dwtag  DW_TAG_TI_assign_register, DW_AT_name("HWBP0")
    1093                            .dwattr $C$DW$137, DW_AT_location[DW_OP_regx 0x75]
    1094                    $C$DW$138       .dwtag  DW_TAG_TI_assign_register, DW_AT_name("HWBP1")
    1095                            .dwattr $C$DW$138, DW_AT_location[DW_OP_regx 0x76]
    1096                    $C$DW$139       .dwtag  DW_TAG_TI_assign_register, DW_AT_name("HWBP2")
    1097                            .dwattr $C$DW$139, DW_AT_location[DW_OP_regx 0x77]
    1098                    $C$DW$140       .dwtag  DW_TAG_TI_assign_register, DW_AT_name("HWBP3")
    1099                            .dwattr $C$DW$140, DW_AT_location[DW_OP_regx 0x78]
    1100                    $C$DW$141       .dwtag  DW_TAG_TI_assign_register, DW_AT_name("OVERLAY")
TMS320C6x Assembler PC v7.4.18 Thu Oct 04 07:26:10 2018

Tools Copyright (c) 1996-2015 Texas Instruments Incorporated
C:\Users\INPT\AppData\Local\Temp\0282810                             PAGE   21

    1101                            .dwattr $C$DW$141, DW_AT_location[DW_OP_regx 0x79]
    1102                    $C$DW$142       .dwtag  DW_TAG_TI_assign_register, DW_AT_name("PC_PROF")
    1103                            .dwattr $C$DW$142, DW_AT_location[DW_OP_regx 0x7a]
    1104                    $C$DW$143       .dwtag  DW_TAG_TI_assign_register, DW_AT_name("ATSR")
    1105                            .dwattr $C$DW$143, DW_AT_location[DW_OP_regx 0x7b]
    1106                    $C$DW$144       .dwtag  DW_TAG_TI_assign_register, DW_AT_name("TRR")
    1107                            .dwattr $C$DW$144, DW_AT_location[DW_OP_regx 0x7c]
    1108                    $C$DW$145       .dwtag  DW_TAG_TI_assign_register, DW_AT_name("TCRR")
    1109                            .dwattr $C$DW$145, DW_AT_location[DW_OP_regx 0x7d]
    1110                    $C$DW$146       .dwtag  DW_TAG_TI_assign_register, DW_AT_name("DESR")
    1111                            .dwattr $C$DW$146, DW_AT_location[DW_OP_regx 0x7e]
    1112                    $C$DW$147       .dwtag  DW_TAG_TI_assign_register, DW_AT_name("DETR")
    1113                            .dwattr $C$DW$147, DW_AT_location[DW_OP_regx 0x7f]
    1114                    $C$DW$148       .dwtag  DW_TAG_TI_assign_register, DW_AT_name("CIE_RETA")
    1115                            .dwattr $C$DW$148, DW_AT_location[DW_OP_regx 0xe4]
    1116                            .dwendtag $C$DW$CU
    1117                    

No Assembly Errors, No Assembly Warnings
